<?xml version="1.0" encoding="UTF-8"?>
<!-- Generated by org.testng.reporters.JUnitXMLReporter -->
<testsuite hostname="WKWIN6340580" name="Test" tests="3" failures="0" timestamp="15 Jan 2020 13:28:52 GMT" time="29.141" errors="0">
  <testcase name="DriverTestCase" time="10.62" classname="MavenJenkins.TC001"/>
  <testcase name="DriverTestCase" time="9.656" classname="MavenJenkins.TC002"/>
  <testcase name="DriverTestCase" time="8.832" classname="MavenJenkins.TC003"/>
</testsuite> <!-- Test -->
