<?xml version="1.0" encoding="UTF-8"?>
<testng-results skipped="0" failed="0" total="3" passed="3">
  <reporter-output>
  </reporter-output>
  <suite name="Suite" duration-ms="29141" started-at="2020-01-15T13:28:23Z" finished-at="2020-01-15T13:28:52Z">
    <groups>
    </groups>
    <test name="Test" duration-ms="29141" started-at="2020-01-15T13:28:23Z" finished-at="2020-01-15T13:28:52Z">
      <class name="MavenJenkins.TC002">
        <test-method status="PASS" signature="btest()[pri:0, instance:MavenJenkins.TC002@60addb54]" name="btest" is-config="true" duration-ms="1" started-at="2020-01-15T18:58:33Z" finished-at="2020-01-15T18:58:33Z">
          <reporter-output>
          </reporter-output>
        </test-method> <!-- btest -->
        <test-method status="PASS" signature="DriverTestCase()[pri:0, instance:MavenJenkins.TC002@60addb54]" name="DriverTestCase" duration-ms="9656" started-at="2020-01-15T18:58:33Z" finished-at="2020-01-15T18:58:43Z">
          <reporter-output>
          </reporter-output>
        </test-method> <!-- DriverTestCase -->
        <test-method status="PASS" signature="Atest()[pri:0, instance:MavenJenkins.TC002@60addb54]" name="Atest" is-config="true" duration-ms="1" started-at="2020-01-15T18:58:43Z" finished-at="2020-01-15T18:58:43Z">
          <reporter-output>
          </reporter-output>
        </test-method> <!-- Atest -->
      </class> <!-- MavenJenkins.TC002 -->
      <class name="MavenJenkins.TC003">
        <test-method status="PASS" signature="btest()[pri:0, instance:MavenJenkins.TC003@3f2a3a5]" name="btest" is-config="true" duration-ms="1" started-at="2020-01-15T18:58:43Z" finished-at="2020-01-15T18:58:43Z">
          <reporter-output>
          </reporter-output>
        </test-method> <!-- btest -->
        <test-method status="PASS" signature="DriverTestCase()[pri:0, instance:MavenJenkins.TC003@3f2a3a5]" name="DriverTestCase" duration-ms="8832" started-at="2020-01-15T18:58:43Z" finished-at="2020-01-15T18:58:52Z">
          <reporter-output>
          </reporter-output>
        </test-method> <!-- DriverTestCase -->
        <test-method status="PASS" signature="Atest()[pri:0, instance:MavenJenkins.TC003@3f2a3a5]" name="Atest" is-config="true" duration-ms="1" started-at="2020-01-15T18:58:52Z" finished-at="2020-01-15T18:58:52Z">
          <reporter-output>
          </reporter-output>
        </test-method> <!-- Atest -->
      </class> <!-- MavenJenkins.TC003 -->
      <class name="MavenJenkins.TC001">
        <test-method status="PASS" signature="btest()[pri:0, instance:MavenJenkins.TC001@1e67b872]" name="btest" is-config="true" duration-ms="8" started-at="2020-01-15T18:58:23Z" finished-at="2020-01-15T18:58:23Z">
          <reporter-output>
          </reporter-output>
        </test-method> <!-- btest -->
        <test-method status="PASS" signature="DriverTestCase()[pri:0, instance:MavenJenkins.TC001@1e67b872]" name="DriverTestCase" duration-ms="10620" started-at="2020-01-15T18:58:23Z" finished-at="2020-01-15T18:58:33Z">
          <reporter-output>
          </reporter-output>
        </test-method> <!-- DriverTestCase -->
        <test-method status="PASS" signature="Atest()[pri:0, instance:MavenJenkins.TC001@1e67b872]" name="Atest" is-config="true" duration-ms="1" started-at="2020-01-15T18:58:33Z" finished-at="2020-01-15T18:58:33Z">
          <reporter-output>
          </reporter-output>
        </test-method> <!-- Atest -->
      </class> <!-- MavenJenkins.TC001 -->
    </test> <!-- Test -->
  </suite> <!-- Suite -->
</testng-results>
